1602434009104	geckodriver	INFO	Listening on 127.0.0.1:54568
1602434013034	mozrunner::runner	INFO	Running command: "C:\\Program Files\\Mozilla Firefox\\firefox.exe" "--marionette" "-foreground" "-no-remote" "-profile" "C:\\Users\\dukyo\\AppData\\Local\\Temp\\rust_mozprofilebxUmQl"
JavaScript error: resource://gre/modules/XULStore.jsm, line 66: Error: Can't find profile directory.
console.error: SearchCache: "_readCacheFile: Error reading cache file:" (new Error("", "(unknown module)"))
1602434014513	Marionette	INFO	Listening on port 54576
1602434014542	Marionette	WARN	TLS certificate errors will be ignored for this session
1602434014940	Marionette	INFO	Stopped listening on port 54576

###!!! [Child][RunMessage] Error: Channel closing: too late to send/recv, messages will be lost


###!!! [Child][MessageChannel::SendAndWait] Error: Channel error: cannot send/recv

1602434041270	geckodriver	INFO	Listening on 127.0.0.1:54623
1602434045197	mozrunner::runner	INFO	Running command: "C:\\Program Files\\Mozilla Firefox\\firefox.exe" "--marionette" "-foreground" "-no-remote" "-profile" "C:\\Users\\dukyo\\AppData\\Local\\Temp\\rust_mozprofileqJMgSp"
JavaScript error: resource://gre/modules/XULStore.jsm, line 66: Error: Can't find profile directory.
console.error: SearchCache: "_readCacheFile: Error reading cache file:" (new Error("", "(unknown module)"))
1602434046551	Marionette	INFO	Listening on port 54631
1602434046703	Marionette	WARN	TLS certificate errors will be ignored for this session
1602434060551	Marionette	INFO	Stopped listening on port 54631

###!!! [Child][RunMessage] Error: Channel closing: too late to send/recv, messages will be lost


###!!! [Child][MessageChannel::SendAndWait] Error: Channel error: cannot send/recv

1602434099609	geckodriver	INFO	Listening on 127.0.0.1:54705
1602434103286	mozrunner::runner	INFO	Running command: "C:\\Program Files\\Mozilla Firefox\\firefox.exe" "--marionette" "-foreground" "-no-remote" "-profile" "C:\\Users\\dukyo\\AppData\\Local\\Temp\\rust_mozprofilehD75wX"
1602434104451	Marionette	INFO	Listening on port 54717
1602434104792	Marionette	WARN	TLS certificate errors will be ignored for this session
1602434110689	Marionette	INFO	Stopped listening on port 54717
JavaScript error: resource://gre/modules/PageThumbUtils.jsm, line 38: TypeError: aWindow is null

###!!! [Child][RunMessage] Error: Channel closing: too late to send/recv, messages will be lost


###!!! [Child][MessageChannel::SendAndWait] Error: Channel error: cannot send/recv

1602434143657	geckodriver	INFO	Listening on 127.0.0.1:54791
1602434147324	mozrunner::runner	INFO	Running command: "C:\\Program Files\\Mozilla Firefox\\firefox.exe" "--marionette" "-foreground" "-no-remote" "-profile" "C:\\Users\\dukyo\\AppData\\Local\\Temp\\rust_mozprofile76rLau"
1602434148570	Marionette	INFO	Listening on port 54800
1602434148833	Marionette	WARN	TLS certificate errors will be ignored for this session
JavaScript warning: https://dvngeac8rg9mb.cloudfront.net/cache/dashboard_2905.js, line 9269: unreachable code after return statement
1602435662141	Marionette	INFO	Stopped listening on port 54800

###!!! [Child][RunMessage] Error: Channel closing: too late to send/recv, messages will be lost


###!!! [Child][MessageChannel::SendAndWait] Error: Channel error: cannot send/recv

Temp\\rust_mozprofileu0BH4S"
1602435572452	Marionette	INFO	Listening on port 55687
1602435572665	Marionette	WARN	TLS certificate errors will be ignored for this session
JavaScript warning: https://dvngeac8rg9mb.cloudfront.net/cache/dashboard_2905.js, line 9269: unreachable code after return statement
JavaScript warning: https://piazza.com/modules_careers/datastore.js?v=2905, line 5682: unreachable code after return statement
JavaScript warning: https://piazza.com/piazzza_js/ajax.js?v=2905, line 52: unreachable code after return statement
JavaScript warning: https://piazza.com/piazzza_js/ajax.js?v=2905, line 280: unreachable code after return statement
1602435671729	Marionette	INFO	Stopped listening on port 55687

###!!! [Child][RunMessage] Error: Channel closing: too late to send/recv, messages will be lost


###!!! [Child][MessageChannel::SendAndWait] Error: Channel error: cannot send/recv

1602435675220	geckodriver	INFO	Listening on 127.0.0.1:55850
1602435678906	mozrunner::runner	INFO	Running command: "C:\\Program Files\\Mozilla Firefox\\firefox.exe" "--marionette" "-foreground" "-no-remote" "-profile" "C:\\Users\\dukyo\\AppData\\Local\\Temp\\rust_mozprofilehTfNVr"
1602435680076	Marionette	INFO	Listening on port 55858
1602435680414	Marionette	WARN	TLS certificate errors will be ignored for this session
1602435691556	Marionette	INFO	Stopped listening on port 55858

###!!! [Child][RunMessage] Error: Channel closing: too late to send/recv, messages will be lost


###!!! [Child][MessageChannel::SendAndWait] Error: Channel error: cannot send/recv

1602435747201	geckodriver	INFO	Listening on 127.0.0.1:56012
1602435750898	mozrunner::runner	INFO	Running command: "C:\\Program Files\\Mozilla Firefox\\firefox.exe" "--marionette" "-foreground" "-no-remote" "-profile" "C:\\Users\\dukyo\\AppData\\Local\\Temp\\rust_mozprofileYr1OiV"
1602435752052	Marionette	INFO	Listening on port 56020
1602435752409	Marionette	WARN	TLS certificate errors will be ignored for this session
JavaScript error: resource://gre/modules/PageThumbUtils.jsm, line 38: TypeError: aWindow is null
1602435758905	Marionette	INFO	Stopped listening on port 56020

###!!! [Child][RunMessage] Error: Channel closing: too late to send/recv, messages will be lost


###!!! [Child][MessageChannel::SendAndWait] Error: Channel error: cannot send/recv

1602435780187	geckodriver	INFO	Listening on 127.0.0.1:56174
1602435783911	mozrunner::runner	INFO	Running command: "C:\\Program Files\\Mozilla Firefox\\firefox.exe" "--marionette" "-foreground" "-no-remote" "-profile" "C:\\Users\\dukyo\\AppData\\Local\\Temp\\rust_mozprofile2lBrVc"
1602435785093	Marionette	INFO	Listening on port 56182
1602435785423	Marionette	WARN	TLS certificate errors will be ignored for this session
JavaScript warning: https://dvngeac8rg9mb.cloudfront.net/cache/dashboard_2905.js, line 9269: unreachable code after return statement
1602435812112	Marionette	INFO	Stopped listening on port 56182

###!!! [Child][RunMessage] Error: Channel closing: too late to send/recv, messages will be lost


###!!! [Child][MessageChannel::SendAndWait] Error: Channel error: cannot send/recv

1602435814495	geckodriver	INFO	Listening on 127.0.0.1:56296
1602435818229	mozrunner::runner	INFO	Running command: "C:\\Program Files\\Mozilla Firefox\\firefox.exe" "--marionette" "-foreground" "-no-remote" "-profile" "C:\\Users\\dukyo\\AppData\\Local\\Temp\\rust_mozprofile9ZypRs"
1602435819398	Marionette	INFO	Listening on port 56304
1602435819741	Marionette	WARN	TLS certificate errors will be ignored for this session
[GFX1-]: WMF VPX decoder just crashed; hardware video will be disabled.
[GFX1-]: WMF VPX video decoding is disabled due to a previous crash.
1602435835750	Marionette	INFO	Stopped listening on port 56304

###!!! [Child][MessageChannel::SendAndWait] Error: Channel error: cannot send/recv

1602435945191	geckodriver	INFO	Listening on 127.0.0.1:56549
1602435948984	mozrunner::runner	INFO	Running command: "C:\\Program Files\\Mozilla Firefox\\firefox.exe" "--marionette" "-foreground" "-no-remote" "-profile" "C:\\Users\\dukyo\\AppData\\Local\\Temp\\rust_mozprofile0ucfSF"
1602435950152	Marionette	INFO	Listening on port 56557
1602435950489	Marionette	WARN	TLS certificate errors will be ignored for this session
JavaScript warning: https://dvngeac8rg9mb.cloudfront.net/cache/dashboard_2905.js, line 9269: unreachable code after return statement
1602435952965	Marionette	INFO	Stopped listening on port 56557

###!!! [Child][RunMessage] Error: Channel closing: too late to send/recv, messages will be lost


###!!! [Child][MessageChannel::SendAndWait] Error: Channel error: cannot send/recv

1602435974843	geckodriver	INFO	Listening on 127.0.0.1:56645
1602435978462	mozrunner::runner	INFO	Running command: "C:\\Program Files\\Mozilla Firefox\\firefox.exe" "--marionette" "-foreground" "-no-remote" "-profile" "C:\\Users\\dukyo\\AppData\\Local\\Temp\\rust_mozprofilel2awfl"
1602435979720	Marionette	INFO	Listening on port 56653
1602435979968	Marionette	WARN	TLS certificate errors will be ignored for this session
JavaScript warning: https://dvngeac8rg9mb.cloudfront.net/cache/dashboard_2905.js, line 9269: unreachable code after return statement
JavaScript error: chrome://browser/content/pageinfo/pageInfo.js, line 573: NS_ERROR_IN_PROGRESS: Component returned failure code: 0x804b000f (NS_ERROR_IN_PROGRESS) [nsICacheEntry.dataSize]
JavaScript error: chrome://browser/content/pageinfo/pageInfo.js, line 573: NS_ERROR_IN_PROGRESS: Component returned failure code: 0x804b000f (NS_ERROR_IN_PROGRESS) [nsICacheEntry.dataSize]
JavaScript error: chrome://browser/content/pageinfo/pageInfo.js, line 573: NS_ERROR_IN_PROGRESS: Component returned failure code: 0x804b000f (NS_ERROR_IN_PROGRESS) [nsICacheEntry.dataSize]
JavaScript error: chrome://browser/content/pageinfo/pageInfo.js, line 573: NS_ERROR_IN_PROGRESS: Component returned failure code: 0x804b000f (NS_ERROR_IN_PROGRESS) [nsICacheEntry.dataSize]
JavaScript error: chrome://browser/content/pageinfo/pageInfo.js, line 573: NS_ERROR_IN_PROGRESS: Component returned failure code: 0x804b000f (NS_ERROR_IN_PROGRESS) [nsICacheEntry.dataSize]
JavaScript error: chrome://browser/content/pageinfo/pageInfo.js, line 573: NS_ERROR_IN_PROGRESS: Component returned failure code: 0x804b000f (NS_ERROR_IN_PROGRESS) [nsICacheEntry.dataSize]
JavaScript warning: https://dvngeac8rg9mb.cloudfront.net/cache/dashboard_2905.js, line 9269: unreachable code after return statement
1602438898200	Marionette	INFO	Stopped listening on port 56653

###!!! [Child][RunMessage] Error: Channel closing: too late to send/recv, messages will be lost


###!!! [Child][MessageChannel::SendAndWait] Error: Channel error: cannot send/recv

